[debug] [2026-04-11T08:24:24.887Z] > command requires scopes: ["email","openid","https://www.googleapis.com/auth/cloudplatformprojects.readonly","https://www.googleapis.com/auth/firebase","https://www.googleapis.com/auth/cloud-platform"]
[debug] [2026-04-11T08:24:24.888Z] > authorizing via signed-in user (kontakt@tinketek.dk)
[debug] [2026-04-11T08:24:26.541Z] > command requires scopes: ["email","openid","https://www.googleapis.com/auth/cloudplatformprojects.readonly","https://www.googleapis.com/auth/firebase","https://www.googleapis.com/auth/cloud-platform"]
[debug] [2026-04-11T08:24:26.541Z] > authorizing via signed-in user (kontakt@tinketek.dk)
[debug] [2026-04-11T08:24:26.542Z] > command requires scopes: ["email","openid","https://www.googleapis.com/auth/cloudplatformprojects.readonly","https://www.googleapis.com/auth/firebase","https://www.googleapis.com/auth/cloud-platform"]
[debug] [2026-04-11T08:24:26.542Z] > authorizing via signed-in user (kontakt@tinketek.dk)
[debug] [2026-04-11T08:24:26.697Z] > command requires scopes: ["email","openid","https://www.googleapis.com/auth/cloudplatformprojects.readonly","https://www.googleapis.com/auth/firebase","https://www.googleapis.com/auth/cloud-platform"]
[debug] [2026-04-11T08:24:26.698Z] > authorizing via signed-in user (kontakt@tinketek.dk)
[debug] [2026-04-11T08:24:26.698Z] > command requires scopes: ["email","openid","https://www.googleapis.com/auth/cloudplatformprojects.readonly","https://www.googleapis.com/auth/firebase","https://www.googleapis.com/auth/cloud-platform"]
[debug] [2026-04-11T08:24:26.698Z] > authorizing via signed-in user (kontakt@tinketek.dk)
[debug] [2026-04-11T08:24:26.758Z] > command requires scopes: ["email","openid","https://www.googleapis.com/auth/cloudplatformprojects.readonly","https://www.googleapis.com/auth/firebase","https://www.googleapis.com/auth/cloud-platform"]
[debug] [2026-04-11T08:24:26.758Z] > authorizing via signed-in user (kontakt@tinketek.dk)
[debug] [2026-04-11T08:24:26.758Z] > command requires scopes: ["email","openid","https://www.googleapis.com/auth/cloudplatformprojects.readonly","https://www.googleapis.com/auth/firebase","https://www.googleapis.com/auth/cloud-platform"]
[debug] [2026-04-11T08:24:26.758Z] > authorizing via signed-in user (kontakt@tinketek.dk)
[debug] [2026-04-11T08:24:27.104Z] > command requires scopes: ["email","openid","https://www.googleapis.com/auth/cloudplatformprojects.readonly","https://www.googleapis.com/auth/firebase","https://www.googleapis.com/auth/cloud-platform"]
[debug] [2026-04-11T08:24:27.104Z] > authorizing via signed-in user (kontakt@tinketek.dk)
[debug] [2026-04-11T08:24:27.105Z] > command requires scopes: ["email","openid","https://www.googleapis.com/auth/cloudplatformprojects.readonly","https://www.googleapis.com/auth/firebase","https://www.googleapis.com/auth/cloud-platform"]
[debug] [2026-04-11T08:24:27.105Z] > authorizing via signed-in user (kontakt@tinketek.dk)
[debug] [2026-04-11T08:28:04.022Z] > command requires scopes: ["email","openid","https://www.googleapis.com/auth/cloudplatformprojects.readonly","https://www.googleapis.com/auth/firebase","https://www.googleapis.com/auth/cloud-platform"]
[debug] [2026-04-11T08:28:04.023Z] > authorizing via signed-in user (kontakt@tinketek.dk)
[debug] [2026-04-11T08:28:04.024Z] > command requires scopes: ["email","openid","https://www.googleapis.com/auth/cloudplatformprojects.readonly","https://www.googleapis.com/auth/firebase","https://www.googleapis.com/auth/cloud-platform"]
[debug] [2026-04-11T08:28:04.024Z] > authorizing via signed-in user (kontakt@tinketek.dk)
[debug] [2026-04-11T08:28:46.188Z] > command requires scopes: ["email","openid","https://www.googleapis.com/auth/cloudplatformprojects.readonly","https://www.googleapis.com/auth/firebase","https://www.googleapis.com/auth/cloud-platform"]
[debug] [2026-04-11T08:28:46.188Z] > authorizing via signed-in user (kontakt@tinketek.dk)
[debug] [2026-04-11T08:28:46.189Z] > command requires scopes: ["email","openid","https://www.googleapis.com/auth/cloudplatformprojects.readonly","https://www.googleapis.com/auth/firebase","https://www.googleapis.com/auth/cloud-platform"]
[debug] [2026-04-11T08:28:46.189Z] > authorizing via signed-in user (kontakt@tinketek.dk)
[debug] [2026-04-11T08:28:46.191Z] Checked if tokens are valid: false, expires at: 1775803451420
[debug] [2026-04-11T08:28:46.191Z] Checked if tokens are valid: false, expires at: 1775803451420
[debug] [2026-04-11T08:28:46.191Z] > refreshing access token with scopes: []
[debug] [2026-04-11T08:28:46.192Z] >>> [apiv2][query] POST https://www.googleapis.com/oauth2/v3/token [none]
[debug] [2026-04-11T08:28:46.192Z] >>> [apiv2][body] POST https://www.googleapis.com/oauth2/v3/token [omitted]
[debug] [2026-04-11T08:28:46.592Z] <<< [apiv2][status] POST https://www.googleapis.com/oauth2/v3/token 200
[debug] [2026-04-11T08:28:46.592Z] <<< [apiv2][body] POST https://www.googleapis.com/oauth2/v3/token [omitted]
[debug] [2026-04-11T08:28:46.613Z] >>> [apiv2][query] GET https://firebase.googleapis.com/v1beta1/projects pageSize=100
[debug] [2026-04-11T08:28:47.510Z] <<< [apiv2][status] GET https://firebase.googleapis.com/v1beta1/projects 200
[debug] [2026-04-11T08:28:47.510Z] <<< [apiv2][body] GET https://firebase.googleapis.com/v1beta1/projects [omitted]
